[0m17:43:46.783297 [debug] [MainThread]: Sending event: {'category': 'dbt', 'action': 'invocation', 'label': 'start', 'context': [<snowplow_tracker.self_describing_json.SelfDescribingJson object at 0x77212d01eb10>, <snowplow_tracker.self_describing_json.SelfDescribingJson object at 0x77212caa2490>, <snowplow_tracker.self_describing_json.SelfDescribingJson object at 0x77212ba27150>]}


============================== 17:43:46.791028 | 1c5aa241-2005-4fd1-a7c8-8277eb1a335d ==============================
[0m17:43:46.791028 [info ] [MainThread]: Running with dbt=1.5.11
[0m17:43:46.792420 [debug] [MainThread]: running dbt with arguments {'printer_width': '80', 'indirect_selection': 'eager', 'write_json': 'True', 'log_cache_events': 'False', 'partial_parse': 'True', 'cache_selected_only': 'False', 'warn_error': 'None', 'debug': 'False', 'fail_fast': 'False', 'log_path': 'logs', 'version_check': 'True', 'profiles_dir': '/home/flavio/.dbt', 'use_colors': 'True', 'use_experimental_parser': 'False', 'no_print': 'None', 'quiet': 'False', 'warn_error_options': 'WarnErrorOptions(include=[], exclude=[])', 'static_parser': 'True', 'log_format': 'default', 'introspect': 'True', 'target_path': 'None', 'send_anonymous_usage_stats': 'True'}
[0m17:43:46.793606 [info ] [MainThread]: dbt version: 1.5.11
[0m17:43:46.794821 [info ] [MainThread]: python version: 3.7.6
[0m17:43:46.795811 [info ] [MainThread]: python path: /home/flavio/Projects/parenting-evidence-pipeline/venv/bin/python3
[0m17:43:46.796716 [info ] [MainThread]: os info: Linux-6.8.0-110-generic-x86_64-with-debian-trixie-sid
[0m17:43:46.798077 [info ] [MainThread]: Using profiles.yml file at /home/flavio/.dbt/profiles.yml
[0m17:43:46.799456 [info ] [MainThread]: Using dbt_project.yml file at /home/flavio/Projects/parenting-evidence-pipeline/dbt_project.yml
[0m17:43:46.801360 [info ] [MainThread]: Configuration:
[0m17:43:47.424067 [error] [MainThread]: Encountered an error:
invalid syntax (column.py, line 230)
[0m17:43:47.429874 [error] [MainThread]: Traceback (most recent call last):
  File "/home/flavio/Projects/parenting-evidence-pipeline/venv/lib/python3.7/site-packages/dbt/cli/requires.py", line 86, in wrapper
    result, success = func(*args, **kwargs)
  File "/home/flavio/Projects/parenting-evidence-pipeline/venv/lib/python3.7/site-packages/dbt/cli/requires.py", line 71, in wrapper
    return func(*args, **kwargs)
  File "/home/flavio/Projects/parenting-evidence-pipeline/venv/lib/python3.7/site-packages/dbt/cli/main.py", line 431, in debug
    results = task.run()
  File "/home/flavio/Projects/parenting-evidence-pipeline/venv/lib/python3.7/site-packages/dbt/task/debug.py", line 110, in run
    self.test_configuration()
  File "/home/flavio/Projects/parenting-evidence-pipeline/venv/lib/python3.7/site-packages/dbt/task/debug.py", line 294, in test_configuration
    profile_status = self._load_profile()
  File "/home/flavio/Projects/parenting-evidence-pipeline/venv/lib/python3.7/site-packages/dbt/task/debug.py", line 261, in _load_profile
    getattr(self.args, "threads", None),
  File "/home/flavio/Projects/parenting-evidence-pipeline/venv/lib/python3.7/site-packages/dbt/config/profile.py", line 441, in render
    threads_override=threads_override,
  File "/home/flavio/Projects/parenting-evidence-pipeline/venv/lib/python3.7/site-packages/dbt/config/profile.py", line 407, in from_raw_profiles
    threads_override=threads_override,
  File "/home/flavio/Projects/parenting-evidence-pipeline/venv/lib/python3.7/site-packages/dbt/config/profile.py", line 356, in from_raw_profile_info
    profile_data, profile_name, target_name
  File "/home/flavio/Projects/parenting-evidence-pipeline/venv/lib/python3.7/site-packages/dbt/config/profile.py", line 165, in _credentials_from_profile
    cls = load_plugin(typename)
  File "/home/flavio/Projects/parenting-evidence-pipeline/venv/lib/python3.7/site-packages/dbt/adapters/factory.py", line 209, in load_plugin
    return FACTORY.load_plugin(name)
  File "/home/flavio/Projects/parenting-evidence-pipeline/venv/lib/python3.7/site-packages/dbt/adapters/factory.py", line 58, in load_plugin
    mod: Any = import_module("." + name, "dbt.adapters")
  File "/home/flavio/anaconda3/lib/python3.7/importlib/__init__.py", line 127, in import_module
    return _bootstrap._gcd_import(name[level:], package, level)
  File "<frozen importlib._bootstrap>", line 1006, in _gcd_import
  File "<frozen importlib._bootstrap>", line 983, in _find_and_load
  File "<frozen importlib._bootstrap>", line 967, in _find_and_load_unlocked
  File "<frozen importlib._bootstrap>", line 677, in _load_unlocked
  File "<frozen importlib._bootstrap_external>", line 728, in exec_module
  File "<frozen importlib._bootstrap>", line 219, in _call_with_frames_removed
  File "/home/flavio/Projects/parenting-evidence-pipeline/venv/lib/python3.7/site-packages/dbt/adapters/bigquery/__init__.py", line 4, in <module>
    from dbt.adapters.bigquery.column import BigQueryColumn  # noqa
  File "/home/flavio/Projects/parenting-evidence-pipeline/venv/lib/python3.7/site-packages/dbt/adapters/bigquery/column.py", line 230
    if existing_nested_column_data_type := nested_column_data_types.get(root_column_name):
                                         ^
SyntaxError: invalid syntax

[0m17:43:47.432060 [debug] [MainThread]: Command `dbt debug` failed at 17:43:47.431712 after 0.67 seconds
[0m17:43:47.432982 [debug] [MainThread]: Sending event: {'category': 'dbt', 'action': 'invocation', 'label': 'end', 'context': [<snowplow_tracker.self_describing_json.SelfDescribingJson object at 0x77212dc5e490>, <snowplow_tracker.self_describing_json.SelfDescribingJson object at 0x77211e336cd0>, <snowplow_tracker.self_describing_json.SelfDescribingJson object at 0x77212b9d4f10>]}
[0m17:43:47.433919 [debug] [MainThread]: Flushing usage events
[0m16:40:21.484664 [debug] [MainThread]: Sending event: {'category': 'dbt', 'action': 'invocation', 'label': 'start', 'context': [<snowplow_tracker.self_describing_json.SelfDescribingJson object at 0x72968ccfdc00>, <snowplow_tracker.self_describing_json.SelfDescribingJson object at 0x72968baf8250>, <snowplow_tracker.self_describing_json.SelfDescribingJson object at 0x72968baf81f0>]}


============================== 16:40:21.489680 | 3d708463-a6b6-4dbc-87d6-9148757cb1b2 ==============================
[0m16:40:21.489680 [info ] [MainThread]: Running with dbt=1.11.9
[0m16:40:21.490967 [debug] [MainThread]: running dbt with arguments {'target_path': 'None', 'profiles_dir': '/home/flavio/.dbt', 'static_parser': 'True', 'invocation_command': 'dbt debug', 'write_json': 'True', 'debug': 'False', 'version_check': 'True', 'warn_error': 'None', 'log_cache_events': 'False', 'fail_fast': 'False', 'empty': 'None', 'partial_parse': 'True', 'no_print': 'None', 'cache_selected_only': 'False', 'indirect_selection': 'eager', 'send_anonymous_usage_stats': 'True', 'use_experimental_parser': 'False', 'warn_error_options': 'WarnErrorOptionsV2(error=[], warn=[], silence=[])', 'use_colors': 'True', 'log_format': 'default', 'introspect': 'True', 'log_path': 'logs', 'quiet': 'False', 'printer_width': '80'}
[0m16:40:21.504486 [info ] [MainThread]: dbt version: 1.11.9
[0m16:40:21.505505 [info ] [MainThread]: python version: 3.10.20
[0m16:40:21.506924 [info ] [MainThread]: python path: /home/flavio/Projects/parenting-evidence-pipeline/venv_dbt/bin/python3.10
[0m16:40:21.508186 [info ] [MainThread]: os info: Linux-6.8.0-110-generic-x86_64-with-glibc2.39
[0m16:40:22.599911 [info ] [MainThread]: Using profiles dir at /home/flavio/.dbt
[0m16:40:22.600976 [info ] [MainThread]: Using profiles.yml file at /home/flavio/.dbt/profiles.yml
[0m16:40:22.601950 [info ] [MainThread]: Using dbt_project.yml file at /home/flavio/Projects/parenting-evidence-pipeline/dbt_project.yml
[0m16:40:22.602807 [info ] [MainThread]: adapter type: bigquery
[0m16:40:22.603550 [info ] [MainThread]: adapter version: 1.11.1
[0m16:40:22.604372 [info ] [MainThread]: Configuration:
[0m16:40:22.605163 [info ] [MainThread]:   profiles.yml file [[32mOK found and valid[0m]
[0m16:40:22.606206 [info ] [MainThread]:   dbt_project.yml file [[31mERROR not found[0m]
[0m16:40:22.607167 [info ] [MainThread]: Required dependencies:
[0m16:40:22.608044 [debug] [MainThread]: Executing "git --help"
[0m16:40:22.616099 [debug] [MainThread]: STDOUT: "b"usage: git [-v | --version] [-h | --help] [-C <path>] [-c <name>=<value>]\n           [--exec-path[=<path>]] [--html-path] [--man-path] [--info-path]\n           [-p | --paginate | -P | --no-pager] [--no-replace-objects] [--bare]\n           [--git-dir=<path>] [--work-tree=<path>] [--namespace=<name>]\n           [--config-env=<name>=<envvar>] <command> [<args>]\n\nThese are common Git commands used in various situations:\n\nstart a working area (see also: git help tutorial)\n   clone     Clone a repository into a new directory\n   init      Create an empty Git repository or reinitialize an existing one\n\nwork on the current change (see also: git help everyday)\n   add       Add file contents to the index\n   mv        Move or rename a file, a directory, or a symlink\n   restore   Restore working tree files\n   rm        Remove files from the working tree and from the index\n\nexamine the history and state (see also: git help revisions)\n   bisect    Use binary search to find the commit that introduced a bug\n   diff      Show changes between commits, commit and working tree, etc\n   grep      Print lines matching a pattern\n   log       Show commit logs\n   show      Show various types of objects\n   status    Show the working tree status\n\ngrow, mark and tweak your common history\n   branch    List, create, or delete branches\n   commit    Record changes to the repository\n   merge     Join two or more development histories together\n   rebase    Reapply commits on top of another base tip\n   reset     Reset current HEAD to the specified state\n   switch    Switch branches\n   tag       Create, list, delete or verify a tag object signed with GPG\n\ncollaborate (see also: git help workflows)\n   fetch     Download objects and refs from another repository\n   pull      Fetch from and integrate with another repository or a local branch\n   push      Update remote refs along with associated objects\n\n'git help -a' and 'git help -g' list available subcommands and some\nconcept guides. See 'git help <command>' or 'git help <concept>'\nto read about a specific subcommand or concept.\nSee 'git help git' for an overview of the system.\n""
[0m16:40:22.617414 [debug] [MainThread]: STDERR: "b''"
[0m16:40:22.618189 [info ] [MainThread]:  - git [[32mOK found[0m]

[0m16:40:22.619081 [info ] [MainThread]: Connection:
[0m16:40:22.619971 [info ] [MainThread]:   method: oauth
[0m16:40:22.620796 [info ] [MainThread]:   database: parenting-data-project
[0m16:40:22.621622 [info ] [MainThread]:   execution_project: parenting-data-project
[0m16:40:22.622398 [info ] [MainThread]:   schema: parenting_data
[0m16:40:22.623230 [info ] [MainThread]:   location: None
[0m16:40:22.624195 [info ] [MainThread]:   priority: None
[0m16:40:22.624998 [info ] [MainThread]:   maximum_bytes_billed: None
[0m16:40:22.625744 [info ] [MainThread]:   impersonate_service_account: None
[0m16:40:22.626496 [info ] [MainThread]:   job_retry_deadline_seconds: None
[0m16:40:22.627246 [info ] [MainThread]:   job_retries: 1
[0m16:40:22.628033 [info ] [MainThread]:   job_creation_timeout_seconds: None
[0m16:40:22.628879 [info ] [MainThread]:   job_execution_timeout_seconds: 300
[0m16:40:22.629903 [info ] [MainThread]:   timeout_seconds: 300
[0m16:40:22.631082 [info ] [MainThread]:   client_id: None
[0m16:40:22.632527 [info ] [MainThread]:   token_uri: None
[0m16:40:22.633634 [info ] [MainThread]:   compute_region: None
[0m16:40:22.634537 [info ] [MainThread]:   dataproc_cluster_name: None
[0m16:40:22.635486 [info ] [MainThread]:   gcs_bucket: None
[0m16:40:22.636877 [info ] [MainThread]:   dataproc_batch: None
[0m16:40:22.638421 [info ] [MainThread]: Registered adapter: bigquery=1.11.1
[0m16:40:22.915564 [debug] [MainThread]: Acquiring new bigquery connection 'debug'
[0m16:40:22.916507 [debug] [MainThread]: On debug: select 1 as id
[0m16:40:22.917251 [debug] [MainThread]: Opening a new connection, currently in state init
[0m16:40:34.965417 [debug] [MainThread]: BigQuery adapter: Got an error when attempting to create a bigquery " "client: 'Runtime Error
  Failed to authenticate with supplied credentials
  error:
  Your default credentials were not found. To set up Application Default Credentials, see https://cloud.google.com/docs/authentication/external/set-up-adc for more information.'
[0m16:40:34.967195 [debug] [MainThread]: BigQuery adapter: Unhandled error while running:
select 1 as id
[0m16:40:34.974023 [debug] [MainThread]: BigQuery adapter: Database Error
  Runtime Error
    Failed to authenticate with supplied credentials
    error:
    Your default credentials were not found. To set up Application Default Credentials, see https://cloud.google.com/docs/authentication/external/set-up-adc for more information.
[0m16:40:34.975857 [info ] [MainThread]:   Connection test: [[31mERROR[0m]

[0m16:40:34.977985 [info ] [MainThread]: [31m2 checks failed:[0m
[0m16:40:34.979636 [info ] [MainThread]: Project loading failed for the following reason:
 project path </home/flavio/Projects/parenting-evidence-pipeline/dbt_project.yml> not found

[0m16:40:34.981273 [info ] [MainThread]: dbt was unable to connect to the specified database.
The database returned the following error:

  >'NoneType' object has no attribute 'close'

Check your database credentials and try again. For more information, visit:
https://docs.getdbt.com/docs/configure-your-profile


[0m16:40:34.984234 [debug] [MainThread]: Resource report: {"command_name": "debug", "command_success": false, "command_wall_clock_time": 13.603694, "process_in_blocks": "5000", "process_kernel_time": 0.292525, "process_mem_max_rss": "209260", "process_out_blocks": "24", "process_user_time": 3.864526}
[0m16:40:34.986544 [debug] [MainThread]: Command `dbt debug` failed at 16:40:34.986117 after 13.61 seconds
[0m16:40:34.989640 [debug] [MainThread]: Sending event: {'category': 'dbt', 'action': 'invocation', 'label': 'end', 'context': [<snowplow_tracker.self_describing_json.SelfDescribingJson object at 0x72968ccfdc00>, <snowplow_tracker.self_describing_json.SelfDescribingJson object at 0x7296746c2ec0>, <snowplow_tracker.self_describing_json.SelfDescribingJson object at 0x7296746c3c40>]}
[0m16:40:34.991749 [debug] [MainThread]: Flushing usage events
[0m16:40:36.193992 [debug] [MainThread]: An error was encountered while trying to flush usage events
[0m16:42:16.925374 [debug] [MainThread]: Sending event: {'category': 'dbt', 'action': 'invocation', 'label': 'start', 'context': [<snowplow_tracker.self_describing_json.SelfDescribingJson object at 0x7c97f85c1b70>, <snowplow_tracker.self_describing_json.SelfDescribingJson object at 0x7c97f73b8220>, <snowplow_tracker.self_describing_json.SelfDescribingJson object at 0x7c97f73b81c0>]}


============================== 16:42:16.929752 | f2775418-8f85-4f09-88a4-9ea16dbe2e7c ==============================
[0m16:42:16.929752 [info ] [MainThread]: Running with dbt=1.11.9
[0m16:42:16.930977 [debug] [MainThread]: running dbt with arguments {'introspect': 'True', 'debug': 'False', 'send_anonymous_usage_stats': 'True', 'warn_error_options': 'WarnErrorOptionsV2(error=[], warn=[], silence=[])', 'log_format': 'default', 'version_check': 'True', 'target_path': 'None', 'fail_fast': 'False', 'no_print': 'None', 'write_json': 'True', 'static_parser': 'True', 'invocation_command': 'dbt init parenting_pipeline', 'use_experimental_parser': 'False', 'indirect_selection': 'eager', 'log_path': 'logs', 'printer_width': '80', 'use_colors': 'True', 'quiet': 'False', 'profiles_dir': '/home/flavio/.dbt', 'log_cache_events': 'False', 'partial_parse': 'True', 'empty': 'None', 'cache_selected_only': 'False', 'warn_error': 'None'}
[0m16:42:16.948149 [debug] [MainThread]: Starter project path: /home/flavio/Projects/parenting-evidence-pipeline/venv_dbt/lib/python3.10/site-packages/dbt/include/starter_project
[0m16:42:16.956214 [info ] [MainThread]: 
Your new dbt project "parenting_pipeline" was created!

For more information on how to configure the profiles.yml file,
please consult the dbt documentation here:

  https://docs.getdbt.com/docs/configure-your-profile

One more thing:

Need help? Don't hesitate to reach out to us via GitHub issues or on Slack:

  https://community.getdbt.com/

Happy modeling!

[0m16:42:16.958465 [info ] [MainThread]: Setting up your profile.
[0m16:44:22.542830 [debug] [MainThread]: Resource report: {"command_name": "init", "command_success": true, "command_wall_clock_time": 125.73112, "process_in_blocks": "0", "process_kernel_time": 0.129983, "process_mem_max_rss": "98132", "process_out_blocks": "72", "process_user_time": 2.317708}
[0m16:44:22.544050 [debug] [MainThread]: Command `dbt init` succeeded at 16:44:22.543857 after 125.73 seconds
[0m16:44:22.549736 [debug] [MainThread]: Sending event: {'category': 'dbt', 'action': 'invocation', 'label': 'end', 'context': [<snowplow_tracker.self_describing_json.SelfDescribingJson object at 0x7c97f85c1b70>, <snowplow_tracker.self_describing_json.SelfDescribingJson object at 0x7c97f73b8220>, <snowplow_tracker.self_describing_json.SelfDescribingJson object at 0x7c97f73b8160>]}
[0m16:44:22.551249 [debug] [MainThread]: Flushing usage events
[0m16:44:23.573276 [debug] [MainThread]: An error was encountered while trying to flush usage events
[0m16:44:28.118979 [debug] [MainThread]: Sending event: {'category': 'dbt', 'action': 'invocation', 'label': 'start', 'context': [<snowplow_tracker.self_describing_json.SelfDescribingJson object at 0x7a2c8d2fdc30>, <snowplow_tracker.self_describing_json.SelfDescribingJson object at 0x7a2c8c0f4250>, <snowplow_tracker.self_describing_json.SelfDescribingJson object at 0x7a2c8c0f41f0>]}


============================== 16:44:28.124927 | 7b4290be-5a28-4a05-ae36-b0b7e60c0b1b ==============================
[0m16:44:28.124927 [info ] [MainThread]: Running with dbt=1.11.9
[0m16:44:28.126265 [debug] [MainThread]: running dbt with arguments {'send_anonymous_usage_stats': 'True', 'empty': 'None', 'log_format': 'default', 'invocation_command': 'dbt init parenting_pipeline', 'printer_width': '80', 'no_print': 'None', 'debug': 'False', 'profiles_dir': '/home/flavio/.dbt', 'use_experimental_parser': 'False', 'warn_error': 'None', 'indirect_selection': 'eager', 'use_colors': 'True', 'write_json': 'True', 'version_check': 'True', 'cache_selected_only': 'False', 'log_path': 'logs', 'partial_parse': 'True', 'static_parser': 'True', 'introspect': 'True', 'log_cache_events': 'False', 'quiet': 'False', 'fail_fast': 'False', 'target_path': 'None', 'warn_error_options': 'WarnErrorOptionsV2(error=[], warn=[], silence=[])'}
[0m16:44:28.142192 [info ] [MainThread]: A project called parenting_pipeline already exists here.
[0m16:44:28.144254 [debug] [MainThread]: Resource report: {"command_name": "init", "command_success": true, "command_wall_clock_time": 0.16011462, "process_in_blocks": "0", "process_kernel_time": 0.114651, "process_mem_max_rss": "98220", "process_out_blocks": "0", "process_user_time": 2.640963}
[0m16:44:28.145763 [debug] [MainThread]: Command `dbt init` succeeded at 16:44:28.145407 after 0.16 seconds
[0m16:44:28.147425 [debug] [MainThread]: Sending event: {'category': 'dbt', 'action': 'invocation', 'label': 'end', 'context': [<snowplow_tracker.self_describing_json.SelfDescribingJson object at 0x7a2c8d2fdc30>, <snowplow_tracker.self_describing_json.SelfDescribingJson object at 0x7a2c8c0f5210>, <snowplow_tracker.self_describing_json.SelfDescribingJson object at 0x7a2c8c0f4190>]}
[0m16:44:28.149137 [debug] [MainThread]: Flushing usage events
[0m16:44:28.725657 [debug] [MainThread]: An error was encountered while trying to flush usage events
[0m16:45:30.097548 [debug] [MainThread]: Sending event: {'category': 'dbt', 'action': 'invocation', 'label': 'start', 'context': [<snowplow_tracker.self_describing_json.SelfDescribingJson object at 0x70ee20f05c00>, <snowplow_tracker.self_describing_json.SelfDescribingJson object at 0x70ee1fd00250>, <snowplow_tracker.self_describing_json.SelfDescribingJson object at 0x70ee1fd001f0>]}


============================== 16:45:30.101945 | b897dd09-8d13-4536-ad1a-094f42f9bdf2 ==============================
[0m16:45:30.101945 [info ] [MainThread]: Running with dbt=1.11.9
[0m16:45:30.103378 [debug] [MainThread]: running dbt with arguments {'warn_error': 'None', 'introspect': 'True', 'static_parser': 'True', 'profiles_dir': '/home/flavio/.dbt', 'target_path': 'None', 'version_check': 'True', 'log_cache_events': 'False', 'partial_parse': 'True', 'printer_width': '80', 'send_anonymous_usage_stats': 'True', 'warn_error_options': 'WarnErrorOptionsV2(error=[], warn=[], silence=[])', 'invocation_command': 'dbt init parenting_pipeline', 'empty': 'None', 'log_path': 'logs', 'use_colors': 'True', 'use_experimental_parser': 'False', 'fail_fast': 'False', 'write_json': 'True', 'cache_selected_only': 'False', 'debug': 'False', 'no_print': 'None', 'log_format': 'default', 'indirect_selection': 'eager', 'quiet': 'False'}
[0m16:45:30.116902 [info ] [MainThread]: A project called parenting_pipeline already exists here.
[0m16:45:30.118954 [debug] [MainThread]: Resource report: {"command_name": "init", "command_success": true, "command_wall_clock_time": 0.12824067, "process_in_blocks": "0", "process_kernel_time": 0.110597, "process_mem_max_rss": "98144", "process_out_blocks": "16", "process_user_time": 2.420194}
[0m16:45:30.120240 [debug] [MainThread]: Command `dbt init` succeeded at 16:45:30.119987 after 0.13 seconds
[0m16:45:30.121352 [debug] [MainThread]: Sending event: {'category': 'dbt', 'action': 'invocation', 'label': 'end', 'context': [<snowplow_tracker.self_describing_json.SelfDescribingJson object at 0x70ee20f05c00>, <snowplow_tracker.self_describing_json.SelfDescribingJson object at 0x70ee1fd01210>, <snowplow_tracker.self_describing_json.SelfDescribingJson object at 0x70ee1fd00190>]}
[0m16:45:30.122481 [debug] [MainThread]: Flushing usage events
[0m16:45:30.748814 [debug] [MainThread]: An error was encountered while trying to flush usage events
[0m16:51:24.651772 [debug] [MainThread]: Sending event: {'category': 'dbt', 'action': 'invocation', 'label': 'start', 'context': [<snowplow_tracker.self_describing_json.SelfDescribingJson object at 0x7ea4189c1cc0>, <snowplow_tracker.self_describing_json.SelfDescribingJson object at 0x7ea417818250>, <snowplow_tracker.self_describing_json.SelfDescribingJson object at 0x7ea4178181f0>]}


============================== 16:51:24.659002 | 43b1371f-f25a-4819-95df-00e6d7597794 ==============================
[0m16:51:24.659002 [info ] [MainThread]: Running with dbt=1.11.9
[0m16:51:24.660486 [debug] [MainThread]: running dbt with arguments {'use_experimental_parser': 'False', 'warn_error': 'None', 'debug': 'False', 'profiles_dir': '/home/flavio/.dbt', 'indirect_selection': 'eager', 'printer_width': '80', 'static_parser': 'True', 'log_path': 'logs', 'introspect': 'True', 'log_format': 'default', 'send_anonymous_usage_stats': 'True', 'empty': 'False', 'cache_selected_only': 'False', 'no_print': 'None', 'write_json': 'True', 'fail_fast': 'False', 'version_check': 'True', 'target_path': 'None', 'partial_parse': 'True', 'log_cache_events': 'False', 'use_colors': 'True', 'warn_error_options': 'WarnErrorOptionsV2(error=[], warn=[], silence=[])', 'invocation_command': 'dbt run --select evidence_score', 'quiet': 'False'}
[0m16:51:24.661500 [error] [MainThread]: Encountered an error:
Runtime Error
  No dbt_project.yml found at expected path /home/flavio/Projects/parenting-evidence-pipeline/dbt_project.yml
  Verify that each entry within packages.yml (and their transitive dependencies) contains a file named dbt_project.yml
  
[0m16:51:24.663347 [debug] [MainThread]: Resource report: {"command_name": "run", "command_success": false, "command_wall_clock_time": 0.14662912, "process_in_blocks": "5384", "process_kernel_time": 0.147877, "process_mem_max_rss": "98204", "process_out_blocks": "8", "process_user_time": 2.542885}
[0m16:51:24.664840 [debug] [MainThread]: Command `dbt run` failed at 16:51:24.664536 after 0.15 seconds
[0m16:51:24.666766 [debug] [MainThread]: Sending event: {'category': 'dbt', 'action': 'invocation', 'label': 'end', 'context': [<snowplow_tracker.self_describing_json.SelfDescribingJson object at 0x7ea4189c1cc0>, <snowplow_tracker.self_describing_json.SelfDescribingJson object at 0x7ea417818970>, <snowplow_tracker.self_describing_json.SelfDescribingJson object at 0x7ea417818250>]}
[0m16:51:24.668352 [debug] [MainThread]: Flushing usage events
[0m16:51:25.291736 [debug] [MainThread]: An error was encountered while trying to flush usage events
